2025-08-05 13:21:49,705 - INFO - Starting model training...
2025-08-05 13:22:03,677 - INFO - Removed old model: 20250702-230121-mint-zipper.tar.gz
2025-08-05 13:22:03,678 - INFO - Removed old model: 20250702-225330-cautious-encumbrance.tar.gz
2025-08-05 13:22:03,678 - INFO - Removed old model: 20250701-145240-bold-xylophone.tar.gz
2025-08-05 13:22:03,679 - INFO - Removed old model: 20250701-111721-vertical-maple.tar.gz
2025-08-05 13:22:03,679 - INFO - Removed old model: 20250626-141930-bordeaux-cork.tar.gz
2025-08-05 13:22:03,680 - INFO - Removed old model: 20250626-135043-chartreuse-convergence.tar.gz
2025-08-05 13:22:03,681 - INFO - Removed old model: 20250626-134420-caramel-colonnade.tar.gz
2025-08-05 13:22:03,681 - INFO - Removed old model: 20250626-125405-relaxed-adaptation.tar.gz
2025-08-05 13:22:03,682 - INFO - Removed old model: 20250626-123432-impulsive-amplitude.tar.gz
2025-08-05 13:22:03,682 - INFO - Removed old model: 20250626-112642-angry-drawbridge.tar.gz
2025-08-05 13:22:03,683 - INFO - Removed old model: 20250626-110543-long-boundary.tar.gz
2025-08-05 13:22:03,683 - INFO - Removed old model: 20250624-153927-dense-foley.tar.gz
2025-08-05 13:22:03,684 - INFO - Removed old model: 20250624-152034-funny-angora.tar.gz
2025-08-05 13:22:03,883 - INFO - Cleared Rasa cache
2025-08-05 13:22:03,883 - INFO - Model training completed in 14.18 seconds
2025-08-05 13:22:03,884 - INFO - Scheduler started. Training every 15 minutes...
2025-08-05 13:47:14,666 - INFO - Starting model training process...
2025-08-05 13:47:14,667 - ERROR - Failed to load Rasa agent: name 'os' is not defined
2025-08-05 13:47:14,668 - ERROR - Conversion failed: list indices must be integers or slices, not str
2025-08-05 13:47:14,668 - ERROR - Failed to initialize Rasa agent. Exiting.
2025-08-05 13:47:14,668 - ERROR - Failed to convert JSON to NLU format. Aborting training.
2025-08-05 13:47:14,669 - INFO - Scheduler started. Training every 15 minutes...
2025-08-05 13:57:37,071 - INFO - Starting model training process...
2025-08-05 13:57:37,071 - ERROR - Failed to load Rasa agent: name 'os' is not defined
2025-08-05 13:57:37,072 - ERROR - Failed to initialize Rasa agent. Exiting.
2025-08-05 13:57:37,073 - ERROR - Conversion failed: list indices must be integers or slices, not str
2025-08-05 13:57:37,074 - ERROR - Failed to convert JSON to NLU format. Aborting training.
2025-08-05 13:57:37,074 - INFO - Scheduler started. Training every 15 minutes...
2025-08-05 14:32:47,967 - INFO - Starting model training process...
2025-08-05 14:32:47,967 - ERROR - Training failed: 'ModelTrainer' object has no attribute 'json_path'
2025-08-05 14:32:47,968 - INFO - Scheduler started. Training every 15 minutes...
2025-08-05 14:32:47,968 - INFO - Loading model: models\20250805-132158-late-beat.tar.gz
2025-08-05 14:32:47,970 - INFO - Loading model models\20250805-132158-late-beat.tar.gz...
2025-08-05 14:33:05,281 - INFO - System is running. Training will happen automatically every 15 minutes.
2025-08-05 14:47:48,936 - INFO - Starting model training process...
2025-08-05 14:47:48,938 - ERROR - Training failed: 'ModelTrainer' object has no attribute 'json_path'
2025-08-05 14:51:00,506 - INFO - Shutting down system...
2025-08-05 14:51:19,636 - INFO - Starting model training process...
2025-08-05 14:51:19,637 - ERROR - Training failed: 'ModelTrainer' object has no attribute 'json_path'
2025-08-05 14:51:19,637 - INFO - Loading model: models\20250805-132158-late-beat.tar.gz
2025-08-05 14:51:19,637 - INFO - Scheduler started. Training every 15 minutes...
2025-08-05 14:51:19,638 - INFO - Loading model models\20250805-132158-late-beat.tar.gz...
2025-08-05 14:51:37,703 - INFO - System is running. Training will happen automatically every 15 minutes.
2025-08-05 14:56:09,810 - INFO - Shutting down system...
2025-08-05 14:56:19,364 - INFO - Starting model training process...
2025-08-05 14:56:19,364 - INFO - Loading model: models\20250805-132158-late-beat.tar.gz
2025-08-05 14:56:19,364 - ERROR - Training failed: 'ModelTrainer' object has no attribute 'json_path'
2025-08-05 14:56:19,365 - INFO - Loading model models\20250805-132158-late-beat.tar.gz...
2025-08-05 14:56:19,365 - INFO - Scheduler started. Training every 15 minutes...
2025-08-05 14:56:34,077 - INFO - System is running. Training will happen automatically every 15 minutes.
2025-08-05 14:58:12,701 - INFO - Shutting down system...
2025-08-05 14:59:25,826 - INFO - Starting model training process...
2025-08-05 14:59:25,828 - ERROR - Training failed: 'ModelTrainer' object has no attribute 'json_path'
2025-08-05 14:59:25,828 - INFO - Loading model: models\20250805-132158-late-beat.tar.gz
2025-08-05 14:59:25,828 - INFO - Scheduler started. Training every 15 minutes...
2025-08-05 14:59:25,829 - INFO - Loading model models\20250805-132158-late-beat.tar.gz...
2025-08-05 14:59:39,015 - INFO - System is running. Training will happen automatically every 15 minutes.
2025-08-05 15:02:18,244 - INFO - Shutting down system...
2025-08-05 15:04:47,314 - INFO - Starting model training process...
2025-08-05 15:04:47,315 - ERROR - Training failed: 'ModelTrainer' object has no attribute 'json_path'
2025-08-05 15:04:47,315 - INFO - Loading model: models\20250805-132158-late-beat.tar.gz
2025-08-05 15:04:47,315 - INFO - Scheduler started. Training every 15 minutes...
2025-08-05 15:04:47,316 - INFO - Loading model models\20250805-132158-late-beat.tar.gz...
2025-08-05 15:05:01,675 - INFO - System is running. Training will happen automatically every 15 minutes.
2025-08-05 15:05:46,658 - INFO - Shutting down system...
2025-08-05 15:05:53,798 - INFO - Starting model training process...
2025-08-05 15:05:53,798 - INFO - Converting JSON to NLU format...
2025-08-05 15:05:53,799 - INFO - Loading model: models\20250805-132158-late-beat.tar.gz
2025-08-05 15:05:53,800 - INFO - Loading model models\20250805-132158-late-beat.tar.gz...
2025-08-05 15:05:53,800 - WARNING - Invalid structure for intent 'greet', skipping
2025-08-05 15:05:53,800 - WARNING - Invalid structure for intent 'goodbye', skipping
2025-08-05 15:05:53,801 - WARNING - Invalid structure for intent 'faq_working_hours', skipping
2025-08-05 15:05:53,801 - WARNING - Invalid structure for intent 'faq_leave_policy', skipping
2025-08-05 15:05:53,801 - WARNING - Invalid structure for intent 'faq_salary_pay_date', skipping
2025-08-05 15:05:53,801 - WARNING - Invalid structure for intent 'faq_benefits_info', skipping
2025-08-05 15:05:53,801 - WARNING - Invalid structure for intent 'faq_hr_contact', skipping
2025-08-05 15:05:53,802 - WARNING - Invalid structure for intent 'faq_lunch_break', skipping
2025-08-05 15:05:53,802 - WARNING - Invalid structure for intent 'faq_fingerprint_missed', skipping
2025-08-05 15:05:53,803 - WARNING - Invalid structure for intent 'faq_ot_cutoff', skipping
2025-08-05 15:05:53,803 - WARNING - Invalid structure for intent 'faq_dress_code', skipping
2025-08-05 15:05:53,803 - WARNING - Invalid structure for intent 'faq_leave_channels', skipping
2025-08-05 15:05:53,803 - WARNING - Invalid structure for intent 'faq_leave_notice_period', skipping
2025-08-05 15:05:53,804 - WARNING - Invalid structure for intent 'faq_annual_holidays', skipping
2025-08-05 15:05:53,804 - WARNING - Invalid structure for intent 'faq_job_application_documents', skipping
2025-08-05 15:05:53,804 - WARNING - Invalid structure for intent 'faq_leave_form_download', skipping
2025-08-05 15:05:53,804 - WARNING - Invalid structure for intent 'faq_ot_approval_process', skipping
2025-08-05 15:05:53,805 - INFO - Successfully converted 0 intents to NLU format
2025-08-05 15:05:53,806 - INFO - Training new model...
2025-08-05 15:06:08,912 - INFO - System is running. Training will happen automatically every 15 minutes.
2025-08-05 15:06:12,417 - INFO - Removed old model: 20250702-230305-woolen-boa.tar.gz
2025-08-05 15:06:12,423 - INFO - Cleared Rasa cache directory
2025-08-05 15:06:12,423 - INFO - Model training completed successfully in 18.62 seconds
2025-08-05 15:06:12,423 - INFO - Scheduler started. Training every 15 minutes...
2025-08-05 15:08:21,993 - INFO - Shutting down system...
2025-08-05 15:08:37,221 - INFO - Starting model training process...
2025-08-05 15:08:37,221 - INFO - Loading model: models\core-20250805-150559-glowing-payment.tar.gz
2025-08-05 15:08:37,222 - INFO - Converting JSON to NLU format...
2025-08-05 15:08:37,223 - INFO - Loading model models\core-20250805-150559-glowing-payment.tar.gz...
2025-08-05 15:08:37,223 - ERROR - Conversion error: 'list' object has no attribute 'get'
2025-08-05 15:08:37,223 - ERROR - Failed to convert JSON to NLU format. Aborting training.
2025-08-05 15:08:37,224 - INFO - Scheduler started. Training every 15 minutes...
2025-08-05 15:08:46,098 - INFO - System is running. Training will happen automatically every 15 minutes.
2025-08-05 15:12:57,075 - INFO - Shutting down system...
2025-08-05 15:28:14,833 - INFO - Starting model training process...
2025-08-05 15:28:14,834 - INFO - Converting JSON to NLU format...
2025-08-05 15:28:14,835 - INFO - Training new model...
2025-08-05 15:28:44,528 - INFO - Cleared Rasa cache directory
2025-08-05 15:28:44,528 - INFO - Training completed in 29.69 seconds
2025-08-05 15:28:44,528 - INFO - Scheduler started. Training every 15 minutes...
2025-08-05 15:30:12,413 - INFO - Scheduler stopped by user
2025-08-05 15:32:59,141 - INFO - Starting model training process...
2025-08-05 15:32:59,142 - INFO - Loading model: models\core-20250805-153213-plain-frequency.tar.gz
2025-08-05 15:32:59,142 - INFO - Converting JSON to NLU format...
2025-08-05 15:32:59,143 - INFO - Loading model models\core-20250805-153213-plain-frequency.tar.gz...
2025-08-05 15:32:59,144 - INFO - Training new model...
2025-08-05 15:33:05,331 - INFO - Removed old model: core-20250805-152832-plum-hadron.tar.gz
2025-08-05 15:33:05,521 - INFO - Cleared Rasa cache directory
2025-08-05 15:33:05,521 - INFO - Training completed in 6.38 seconds
2025-08-05 15:33:05,521 - INFO - Scheduler started. Training every 15 minutes...
2025-08-05 15:33:07,757 - INFO - System is running. Training will happen automatically every 15 minutes.
2025-08-05 15:42:03,808 - INFO - Shutting down system...
